2025-06-17 14:43:20,493 - receptionist - INFO - Starting Receptionist Application
2025-06-17 14:43:20,494 - receptionist.settings - INFO - Settings loaded from E:\$- Projects\Receprionist\src\config\settings.json
2025-06-17 14:43:22,114 - receptionist.print_handler - WARNING - wkhtmltopdf not found. Falling back to HTML output.
2025-06-17 14:43:22,354 - receptionist.main_window - INFO - Updated stats bar
2025-06-17 14:47:51,747 - receptionist - INFO - Receptionist Application shutting down
2025-06-17 20:32:23,630 - receptionist - INFO - Starting Receptionist Application
2025-06-17 20:32:23,631 - receptionist.settings - INFO - Settings loaded from E:\$- Projects\Receprionist\src\config\settings.json
2025-06-17 20:32:25,136 - receptionist.print_handler - WARNING - wkhtmltopdf not found. Falling back to HTML output.
2025-06-17 20:32:25,300 - receptionist.main_window - INFO - Updated stats bar
2025-06-17 20:52:02,812 - receptionist.main_window - INFO - Updated stats bar
2025-06-17 20:52:04,919 - receptionist.main_window - INFO - Updated stats bar
2025-06-17 20:52:09,553 - receptionist - INFO - Receptionist Application shutting down
2025-06-17 20:52:14,509 - receptionist - INFO - Starting Receptionist Application
2025-06-17 20:52:14,510 - receptionist.settings - INFO - Settings loaded from E:\$- Projects\Receprionist\src\config\settings.json
2025-06-17 20:52:15,029 - receptionist.print_handler - WARNING - wkhtmltopdf not found. Falling back to HTML output.
2025-06-17 20:52:15,186 - receptionist.main_window - INFO - Updated stats bar
2025-06-17 20:53:15,760 - receptionist.settings - INFO - Settings saved to E:\$- Projects\Receprionist\src\config\settings.json
2025-06-17 20:53:15,762 - receptionist.settings - INFO - Settings saved to E:\$- Projects\Receprionist\src\config\settings.json
2025-06-17 20:53:15,763 - receptionist.settings - INFO - Settings saved to E:\$- Projects\Receprionist\src\config\settings.json
2025-06-17 20:53:15,765 - receptionist.settings - INFO - Settings saved to E:\$- Projects\Receprionist\src\config\settings.json
2025-06-17 20:53:15,767 - receptionist.settings - INFO - Settings saved to E:\$- Projects\Receprionist\src\config\settings.json
2025-06-17 20:53:15,768 - receptionist.settings - INFO - Settings saved to E:\$- Projects\Receprionist\src\config\settings.json
2025-06-17 20:53:15,770 - receptionist.settings - INFO - Settings saved to E:\$- Projects\Receprionist\src\config\settings.json
2025-06-17 20:53:15,772 - receptionist.settings - INFO - Settings saved to E:\$- Projects\Receprionist\src\config\settings.json
2025-06-17 20:53:15,773 - receptionist.settings - INFO - Settings saved to E:\$- Projects\Receprionist\src\config\settings.json
2025-06-17 20:53:15,775 - receptionist.settings - INFO - Settings saved to E:\$- Projects\Receprionist\src\config\settings.json
2025-06-17 20:53:15,777 - receptionist.settings - INFO - Settings saved to E:\$- Projects\Receprionist\src\config\settings.json
2025-06-17 20:53:15,779 - receptionist.settings - INFO - Settings saved to E:\$- Projects\Receprionist\src\config\settings.json
2025-06-17 20:53:15,925 - receptionist.main_window - INFO - Updated stats bar
2025-06-17 20:53:52,310 - receptionist.settings - INFO - Settings saved to E:\$- Projects\Receprionist\src\config\settings.json
2025-06-17 20:53:52,312 - receptionist.settings - INFO - Settings saved to E:\$- Projects\Receprionist\src\config\settings.json
2025-06-17 20:53:52,313 - receptionist.settings - INFO - Settings saved to E:\$- Projects\Receprionist\src\config\settings.json
2025-06-17 20:53:52,315 - receptionist.settings - INFO - Settings saved to E:\$- Projects\Receprionist\src\config\settings.json
2025-06-17 20:53:52,316 - receptionist.settings - INFO - Settings saved to E:\$- Projects\Receprionist\src\config\settings.json
2025-06-17 20:53:52,318 - receptionist.settings - INFO - Settings saved to E:\$- Projects\Receprionist\src\config\settings.json
2025-06-17 20:53:52,320 - receptionist.settings - INFO - Settings saved to E:\$- Projects\Receprionist\src\config\settings.json
2025-06-17 20:53:52,322 - receptionist.settings - INFO - Settings saved to E:\$- Projects\Receprionist\src\config\settings.json
2025-06-17 20:53:52,323 - receptionist.settings - INFO - Settings saved to E:\$- Projects\Receprionist\src\config\settings.json
2025-06-17 20:53:52,325 - receptionist.settings - INFO - Settings saved to E:\$- Projects\Receprionist\src\config\settings.json
2025-06-17 20:53:52,327 - receptionist.settings - INFO - Settings saved to E:\$- Projects\Receprionist\src\config\settings.json
2025-06-17 20:53:52,328 - receptionist.settings - INFO - Settings saved to E:\$- Projects\Receprionist\src\config\settings.json
2025-06-17 20:53:52,470 - receptionist.main_window - INFO - Updated stats bar
2025-06-17 20:53:59,388 - receptionist.print_handler - INFO - Generated HTML at C:\Users\heyyt\AppData\Local\Temp\tmp1vaiyt5c.html (PDF fallback)
2025-06-17 20:53:59,620 - receptionist.print_handler - INFO - Opened file for printing: C:\Users\heyyt\AppData\Local\Temp\tmp1vaiyt5c.html
2025-06-17 20:56:20,459 - receptionist.main_window - INFO - Updated stats bar
2025-06-17 20:56:21,432 - receptionist.main_window - INFO - Updated stats bar
2025-06-17 20:56:30,937 - receptionist.stats_view - INFO - Updated all statistics
2025-06-17 20:56:35,201 - receptionist.stats_view - INFO - Updated all statistics
2025-06-17 20:56:38,670 - receptionist.main_window - INFO - Updated stats bar
2025-06-17 20:57:01,418 - receptionist.print_handler - INFO - Generated HTML at C:\Users\heyyt\AppData\Local\Temp\tmpc98n9b79.html (PDF fallback)
2025-06-17 20:57:01,535 - receptionist.print_handler - INFO - Opened file for printing: C:\Users\heyyt\AppData\Local\Temp\tmpc98n9b79.html
2025-06-17 20:57:10,945 - receptionist - INFO - Receptionist Application shutting down
2025-06-17 21:04:08,439 - receptionist - INFO - Starting Receptionist Application
2025-06-17 21:04:08,440 - receptionist.settings - INFO - Settings loaded from E:\$- Projects\Receprionist\src\config\settings.json
2025-06-17 21:04:09,335 - receptionist.print_handler - WARNING - wkhtmltopdf not found. Falling back to HTML output.
2025-06-17 21:04:09,513 - receptionist.main_window - INFO - Updated stats bar
2025-06-17 21:04:16,685 - receptionist.main_window - INFO - Updated stats bar
2025-06-17 21:04:55,188 - receptionist.excel_handler - INFO - Generated token number 1 for date 2025-06-17
2025-06-17 21:04:55,206 - receptionist.excel_handler - INFO - Created backup at E:\$- Projects\Receprionist\data\backups\patients_backup_20250617_210455.xlsx
2025-06-17 21:04:55,208 - receptionist.excel_handler - INFO - Removed old backup: E:\$- Projects\Receprionist\data\backups\patients_backup_20250528_232909.xlsx
2025-06-17 21:04:55,255 - receptionist.excel_handler - INFO - Added new patient: P20250617210455 with token number: 1
2025-06-17 21:04:57,250 - receptionist.patient_form - INFO - Added new patient: P20250617210455
2025-06-17 21:04:57,348 - receptionist.patient_form - INFO - Set next token number to 2 for date 2025-06-17
2025-06-17 21:05:01,565 - receptionist.print_handler - INFO - Generated HTML at C:\Users\heyyt\AppData\Local\Temp\tmpkoykyp8n.html (PDF fallback)
2025-06-17 21:05:01,827 - receptionist.print_handler - INFO - Opened file for printing: C:\Users\heyyt\AppData\Local\Temp\tmpkoykyp8n.html
2025-06-17 21:05:11,808 - receptionist.patient_form - INFO - Set next token number to 2 for date 2025-06-17
2025-06-17 21:05:18,828 - receptionist.patient_form - INFO - Set next token number to 2 for date 2025-06-17
2025-06-17 21:05:23,765 - receptionist.excel_handler - INFO - Created backup at E:\$- Projects\Receprionist\data\backups\patients_backup_20250617_210523.xlsx
2025-06-17 21:05:23,791 - receptionist.excel_handler - INFO - Removed old backup: E:\$- Projects\Receprionist\data\backups\patients_backup_20250528_233535.xlsx
2025-06-17 21:05:23,891 - receptionist.excel_handler - INFO - Deleted patient: P20250617210455
2025-06-17 21:05:28,151 - receptionist - INFO - Receptionist Application shutting down
